<?xml version="1.0" encoding="UTF-8"?>
<!-- Generated by org.testng.reporters.JUnitXMLReporter -->
<testsuite hostname="DESKTOP-F6AS0GD" name="Default test" tests="3" failures="0" timestamp="12 Jun 2019 22:13:46 GMT" time="21.047" errors="0">
  <testcase name="test2_InsertOnlyUserName" time="9.582" classname="il.co.jb.ebay.auto.tests.LoginTests"/>
  <testcase name="test3_InsertOnlyPassword" time="6.215" classname="il.co.jb.ebay.auto.tests.LoginTests"/>
  <testcase name="test4_InsertOnlyUserName" time="1.123" classname="il.co.jb.ebay.auto.tests.LoginTests"/>
</testsuite> <!-- Default test -->
