<?xml version="1.0" encoding="UTF-8"?>
<!-- Generated by org.testng.reporters.JUnitXMLReporter -->
<testsuite hostname="DESKTOP-F6AS0GD" name="Default test" tests="5" failures="0" timestamp="25 Jun 2019 13:00:18 GMT" time="31.321" errors="0">
  <testcase name="test_2_InsertOnlyUserName" time="8.366" classname="il.co.jb.ebay.auto.tests.LoginTests"/>
  <testcase name="test_3_InsertOnlyPassword" time="5.945" classname="il.co.jb.ebay.auto.tests.LoginTests"/>
  <testcase name="test_4_WrongUserName" time="5.288" classname="il.co.jb.ebay.auto.tests.LoginTests"/>
  <testcase name="test_5_WrongPassword" time="4.906" classname="il.co.jb.ebay.auto.tests.LoginTests"/>
  <testcase name="test_6_StaySignedIn" time="2.837" classname="il.co.jb.ebay.auto.tests.LoginTests"/>
</testsuite> <!-- Default test -->
