<?xml version="1.0" encoding="UTF-8"?>
<testng-results skipped="0" failed="0" total="1" passed="1">
  <reporter-output>
  </reporter-output>
  <suite name="Default suite" duration-ms="13198" started-at="2019-06-27T18:04:15Z" finished-at="2019-06-27T18:04:28Z">
    <groups>
    </groups>
    <test name="Default test" duration-ms="13198" started-at="2019-06-27T18:04:15Z" finished-at="2019-06-27T18:04:28Z">
      <class name="il.co.jb.ebay.auto.tests.LoginTests">
        <test-method status="PASS" signature="beforeTest()[pri:0, instance:il.co.jb.ebay.auto.tests.LoginTests@464bee09]" name="beforeTest" is-config="true" duration-ms="4119" started-at="2019-06-27T21:04:15Z" finished-at="2019-06-27T21:04:19Z">
          <reporter-output>
          </reporter-output>
        </test-method> <!-- beforeTest -->
        <test-method status="PASS" signature="test_1_BasicLogin()[pri:0, instance:il.co.jb.ebay.auto.tests.LoginTests@464bee09]" name="test_1_BasicLogin" duration-ms="9060" started-at="2019-06-27T21:04:19Z" finished-at="2019-06-27T21:04:28Z">
          <reporter-output>
          </reporter-output>
        </test-method> <!-- test_1_BasicLogin -->
        <test-method status="PASS" signature="afterTest()[pri:0, instance:il.co.jb.ebay.auto.tests.LoginTests@464bee09]" name="afterTest" is-config="true" duration-ms="2" started-at="2019-06-27T21:04:28Z" finished-at="2019-06-27T21:04:28Z">
          <reporter-output>
          </reporter-output>
        </test-method> <!-- afterTest -->
      </class> <!-- il.co.jb.ebay.auto.tests.LoginTests -->
    </test> <!-- Default test -->
  </suite> <!-- Default suite -->
</testng-results>
