<?xml version="1.0" encoding="UTF-8"?>
<testng-results skipped="0" failed="0" total="3" passed="3">
  <reporter-output>
  </reporter-output>
  <suite name="Default suite" duration-ms="21047" started-at="2019-06-12T22:13:25Z" finished-at="2019-06-12T22:13:46Z">
    <groups>
    </groups>
    <test name="Default test" duration-ms="21047" started-at="2019-06-12T22:13:25Z" finished-at="2019-06-12T22:13:46Z">
      <class name="il.co.jb.ebay.auto.tests.LoginTests">
        <test-method status="PASS" signature="beforeTest()[pri:0, instance:il.co.jb.ebay.auto.tests.LoginTests@6eebc39e]" name="beforeTest" is-config="true" duration-ms="4086" started-at="2019-06-13T01:13:25Z" finished-at="2019-06-13T01:13:29Z">
          <reporter-output>
          </reporter-output>
        </test-method> <!-- beforeTest -->
        <test-method status="PASS" signature="test2_InsertOnlyUserName()[pri:0, instance:il.co.jb.ebay.auto.tests.LoginTests@6eebc39e]" name="test2_InsertOnlyUserName" duration-ms="9582" started-at="2019-06-13T01:13:29Z" finished-at="2019-06-13T01:13:39Z">
          <reporter-output>
          </reporter-output>
        </test-method> <!-- test2_InsertOnlyUserName -->
        <test-method status="PASS" signature="beforeTest()[pri:0, instance:il.co.jb.ebay.auto.tests.LoginTests@6eebc39e]" name="beforeTest" is-config="true" duration-ms="0" started-at="2019-06-13T01:13:39Z" finished-at="2019-06-13T01:13:39Z">
          <reporter-output>
          </reporter-output>
        </test-method> <!-- beforeTest -->
        <test-method status="PASS" signature="test3_InsertOnlyPassword()[pri:0, instance:il.co.jb.ebay.auto.tests.LoginTests@6eebc39e]" name="test3_InsertOnlyPassword" duration-ms="6215" started-at="2019-06-13T01:13:39Z" finished-at="2019-06-13T01:13:45Z">
          <reporter-output>
          </reporter-output>
        </test-method> <!-- test3_InsertOnlyPassword -->
        <test-method status="PASS" signature="beforeTest()[pri:0, instance:il.co.jb.ebay.auto.tests.LoginTests@6eebc39e]" name="beforeTest" is-config="true" duration-ms="1" started-at="2019-06-13T01:13:45Z" finished-at="2019-06-13T01:13:45Z">
          <reporter-output>
          </reporter-output>
        </test-method> <!-- beforeTest -->
        <test-method status="PASS" signature="test4_InsertOnlyUserName()[pri:0, instance:il.co.jb.ebay.auto.tests.LoginTests@6eebc39e]" name="test4_InsertOnlyUserName" duration-ms="1123" started-at="2019-06-13T01:13:45Z" finished-at="2019-06-13T01:13:46Z">
          <reporter-output>
          </reporter-output>
        </test-method> <!-- test4_InsertOnlyUserName -->
      </class> <!-- il.co.jb.ebay.auto.tests.LoginTests -->
    </test> <!-- Default test -->
  </suite> <!-- Default suite -->
</testng-results>
